2025-05-21T00:12:50.257-03:00  INFO 16628 --- [PulseSystem] [restartedMain] br.com.pulse.AppPulseApplication         : Starting AppPulseApplication using Java 17.0.12 with PID 16628 (C:\Users\gabis\OneDrive - Fiap-Faculdade de Informática e Administração Paulista\Área de Trabalho\Estudos\Java\UserApi\PulseSystem\target\classes started by gabis in C:\Users\gabis\OneDrive - Fiap-Faculdade de Informática e Administração Paulista\Área de Trabalho\Estudos\Java\UserApi\PulseSystem)
2025-05-21T00:12:50.263-03:00  INFO 16628 --- [PulseSystem] [restartedMain] br.com.pulse.AppPulseApplication         : No active profile set, falling back to 1 default profile: "default"
2025-05-21T00:12:50.323-03:00  INFO 16628 --- [PulseSystem] [restartedMain] .e.DevToolsPropertyDefaultsPostProcessor : Devtools property defaults active! Set 'spring.devtools.add-properties' to 'false' to disable
2025-05-21T00:12:50.323-03:00  INFO 16628 --- [PulseSystem] [restartedMain] .e.DevToolsPropertyDefaultsPostProcessor : For additional web related logging consider setting the 'logging.level.web' property to 'DEBUG'
2025-05-21T00:12:51.404-03:00  INFO 16628 --- [PulseSystem] [restartedMain] .s.d.r.c.RepositoryConfigurationDelegate : Bootstrapping Spring Data JPA repositories in DEFAULT mode.
2025-05-21T00:12:51.453-03:00  INFO 16628 --- [PulseSystem] [restartedMain] .s.d.r.c.RepositoryConfigurationDelegate : Finished Spring Data repository scanning in 41 ms. Found 3 JPA repository interfaces.
2025-05-21T00:12:51.976-03:00  INFO 16628 --- [PulseSystem] [restartedMain] o.s.b.w.embedded.tomcat.TomcatWebServer  : Tomcat initialized with port 8080 (http)
2025-05-21T00:12:51.992-03:00  INFO 16628 --- [PulseSystem] [restartedMain] o.apache.catalina.core.StandardService   : Starting service [Tomcat]
2025-05-21T00:12:51.992-03:00  INFO 16628 --- [PulseSystem] [restartedMain] o.apache.catalina.core.StandardEngine    : Starting Servlet engine: [Apache Tomcat/10.1.39]
2025-05-21T00:12:52.035-03:00  INFO 16628 --- [PulseSystem] [restartedMain] o.a.c.c.C.[Tomcat].[localhost].[/]       : Initializing Spring embedded WebApplicationContext
2025-05-21T00:12:52.035-03:00  INFO 16628 --- [PulseSystem] [restartedMain] w.s.c.ServletWebServerApplicationContext : Root WebApplicationContext: initialization completed in 1711 ms
2025-05-21T00:12:52.168-03:00  INFO 16628 --- [PulseSystem] [restartedMain] o.hibernate.jpa.internal.util.LogHelper  : HHH000204: Processing PersistenceUnitInfo [name: default]
2025-05-21T00:12:52.267-03:00  INFO 16628 --- [PulseSystem] [restartedMain] org.hibernate.Version                    : HHH000412: Hibernate ORM core version 6.6.11.Final
2025-05-21T00:12:52.315-03:00  INFO 16628 --- [PulseSystem] [restartedMain] o.h.c.internal.RegionFactoryInitiator    : HHH000026: Second-level cache disabled
2025-05-21T00:12:52.560-03:00  INFO 16628 --- [PulseSystem] [restartedMain] o.s.o.j.p.SpringPersistenceUnitInfo      : No LoadTimeWeaver setup: ignoring JPA class transformer
2025-05-21T00:12:52.596-03:00  INFO 16628 --- [PulseSystem] [restartedMain] com.zaxxer.hikari.HikariDataSource       : SpringBootHikariCP - Starting...
2025-05-21T00:12:52.757-03:00  INFO 16628 --- [PulseSystem] [restartedMain] com.zaxxer.hikari.pool.HikariPool        : SpringBootHikariCP - Added connection conn0: url=jdbc:h2:mem:pulsesystemdb user=SA
2025-05-21T00:12:52.759-03:00  INFO 16628 --- [PulseSystem] [restartedMain] com.zaxxer.hikari.HikariDataSource       : SpringBootHikariCP - Start completed.
2025-05-21T00:12:52.833-03:00  INFO 16628 --- [PulseSystem] [restartedMain] org.hibernate.orm.connections.pooling    : HHH10001005: Database info:
	Database JDBC URL [Connecting through datasource 'HikariDataSource (SpringBootHikariCP)']
	Database driver: undefined/unknown
	Database version: 2.3.232
	Autocommit mode: undefined/unknown
	Isolation level: undefined/unknown
	Minimum pool size: undefined/unknown
	Maximum pool size: undefined/unknown
2025-05-21T00:12:53.732-03:00  INFO 16628 --- [PulseSystem] [restartedMain] o.h.e.t.j.p.i.JtaPlatformInitiator       : HHH000489: No JTA platform available (set 'hibernate.transaction.jta.platform' to enable JTA platform integration)
2025-05-21T00:12:53.746-03:00 DEBUG 16628 --- [PulseSystem] [restartedMain] org.hibernate.SQL                        : 
    drop table if exists beacon cascade 
2025-05-21T00:12:53.749-03:00 DEBUG 16628 --- [PulseSystem] [restartedMain] org.hibernate.SQL                        : 
    drop table if exists moto cascade 
2025-05-21T00:12:53.749-03:00 DEBUG 16628 --- [PulseSystem] [restartedMain] org.hibernate.SQL                        : 
    drop table if exists patio cascade 
2025-05-21T00:12:53.754-03:00 DEBUG 16628 --- [PulseSystem] [restartedMain] org.hibernate.SQL                        : 
    create table beacon (
        id bigint generated by default as identity,
        moto_id bigint unique,
        codigo uuid not null unique,
        status enum ('ATIVO','EM_MANUTENCAO','INATIVO'),
        primary key (id)
    )
2025-05-21T00:12:53.763-03:00 DEBUG 16628 --- [PulseSystem] [restartedMain] org.hibernate.SQL                        : 
    create table moto (
        modelo tinyint check (modelo between 0 and 2),
        id bigint generated by default as identity,
        patio_id bigint,
        numero_chassi varchar(255),
        placa varchar(255),
        condicao_mecanica enum ('BOM_ESTADO','GRAVEMENTE_DANIFICADA','INOPERANTE','NECESSITA_REVISAO','PEQUENOS_REPAROS'),
        status enum ('INVESTIGACAO_POR_ACIDENTE','INVESTIGACAO_POR_FURTO','PLACA_REGISTRADA','SEM_PLACA'),
        primary key (id)
    )
2025-05-21T00:12:53.767-03:00 DEBUG 16628 --- [PulseSystem] [restartedMain] org.hibernate.SQL                        : 
    create table patio (
        capacidade integer not null,
        comprimento float(53) not null,
        largura float(53) not null,
        total_zonas integer not null,
        id bigint generated by default as identity,
        bairro varchar(255),
        cep varchar(255),
        cidade varchar(255),
        estado varchar(255),
        numero varchar(255),
        rua varchar(255),
        primary key (id)
    )
2025-05-21T00:12:53.769-03:00 DEBUG 16628 --- [PulseSystem] [restartedMain] org.hibernate.SQL                        : 
    alter table if exists beacon 
       add constraint FKap60qi2abs49t0finkye1rueu 
       foreign key (moto_id) 
       references moto
2025-05-21T00:12:53.777-03:00 DEBUG 16628 --- [PulseSystem] [restartedMain] org.hibernate.SQL                        : 
    alter table if exists moto 
       add constraint FK2omb7paq1oc74hmypo1l0nogl 
       foreign key (patio_id) 
       references patio
2025-05-21T00:12:53.785-03:00  INFO 16628 --- [PulseSystem] [restartedMain] j.LocalContainerEntityManagerFactoryBean : Initialized JPA EntityManagerFactory for persistence unit 'default'
2025-05-21T00:12:54.111-03:00 TRACE 16628 --- [PulseSystem] [restartedMain] t.a.AnnotationTransactionAttributeSource : Adding transactional method 'br.com.pulse.services.BeaconServiceImpl.updateBeacon' with attribute: PROPAGATION_REQUIRED,ISOLATION_DEFAULT
2025-05-21T00:12:54.122-03:00 TRACE 16628 --- [PulseSystem] [restartedMain] t.a.AnnotationTransactionAttributeSource : Adding transactional method 'br.com.pulse.services.BeaconServiceImpl.deleteBeaconById' with attribute: PROPAGATION_REQUIRED,ISOLATION_DEFAULT
2025-05-21T00:12:54.122-03:00 TRACE 16628 --- [PulseSystem] [restartedMain] t.a.AnnotationTransactionAttributeSource : Adding transactional method 'br.com.pulse.services.BeaconServiceImpl.saveBeacon' with attribute: PROPAGATION_REQUIRED,ISOLATION_DEFAULT
2025-05-21T00:12:54.150-03:00 TRACE 16628 --- [PulseSystem] [restartedMain] t.a.AnnotationTransactionAttributeSource : Adding transactional method 'br.com.pulse.services.MotoServiceImpl.deleteMotoById' with attribute: PROPAGATION_REQUIRED,ISOLATION_DEFAULT
2025-05-21T00:12:54.152-03:00 TRACE 16628 --- [PulseSystem] [restartedMain] t.a.AnnotationTransactionAttributeSource : Adding transactional method 'br.com.pulse.services.MotoServiceImpl.saveMoto' with attribute: PROPAGATION_REQUIRED,ISOLATION_DEFAULT
2025-05-21T00:12:54.153-03:00 TRACE 16628 --- [PulseSystem] [restartedMain] t.a.AnnotationTransactionAttributeSource : Adding transactional method 'br.com.pulse.services.MotoServiceImpl.updateMoto' with attribute: PROPAGATION_REQUIRED,ISOLATION_DEFAULT
2025-05-21T00:12:54.162-03:00 TRACE 16628 --- [PulseSystem] [restartedMain] t.a.AnnotationTransactionAttributeSource : Adding transactional method 'br.com.pulse.services.PatioServiceImpl.updatePatio' with attribute: PROPAGATION_REQUIRED,ISOLATION_DEFAULT
2025-05-21T00:12:54.280-03:00  WARN 16628 --- [PulseSystem] [restartedMain] JpaBaseConfiguration$JpaWebConfiguration : spring.jpa.open-in-view is enabled by default. Therefore, database queries may be performed during view rendering. Explicitly configure spring.jpa.open-in-view to disable this warning
2025-05-21T00:12:54.628-03:00  INFO 16628 --- [PulseSystem] [restartedMain] o.s.b.a.h2.H2ConsoleAutoConfiguration    : H2 console available at '/console'. Database available at 'jdbc:h2:mem:pulsesystemdb'
2025-05-21T00:12:54.676-03:00  INFO 16628 --- [PulseSystem] [restartedMain] o.s.b.d.a.OptionalLiveReloadServer       : LiveReload server is running on port 35729
2025-05-21T00:12:54.706-03:00  INFO 16628 --- [PulseSystem] [restartedMain] o.a.c.c.C.[Tomcat].[localhost].[/]       : Initializing Spring DispatcherServlet 'dispatcherServlet'
2025-05-21T00:12:54.706-03:00  INFO 16628 --- [PulseSystem] [restartedMain] o.s.web.servlet.DispatcherServlet        : Initializing Servlet 'dispatcherServlet'
2025-05-21T00:12:54.707-03:00  INFO 16628 --- [PulseSystem] [restartedMain] o.s.web.servlet.DispatcherServlet        : Completed initialization in 1 ms
2025-05-21T00:12:54.708-03:00  INFO 16628 --- [PulseSystem] [restartedMain] o.s.b.w.embedded.tomcat.TomcatWebServer  : Tomcat started on port 8080 (http) with context path '/'
2025-05-21T00:12:54.716-03:00  INFO 16628 --- [PulseSystem] [restartedMain] br.com.pulse.AppPulseApplication         : Started AppPulseApplication in 4.933 seconds (process running for 6.813)
2025-05-21T00:12:54.726-03:00 TRACE 16628 --- [PulseSystem] [restartedMain] o.s.t.i.TransactionInterceptor           : Getting transaction for [org.springframework.data.jpa.repository.support.SimpleJpaRepository.save]
2025-05-21T00:12:54.750-03:00 DEBUG 16628 --- [PulseSystem] [restartedMain] org.hibernate.SQL                        : 
    insert 
    into
        patio
        (capacidade, comprimento, bairro, cep, cidade, estado, numero, rua, largura, total_zonas, id) 
    values
        (?, ?, ?, ?, ?, ?, ?, ?, ?, ?, default)
2025-05-21T00:12:54.785-03:00 TRACE 16628 --- [PulseSystem] [restartedMain] o.s.t.i.TransactionInterceptor           : Completing transaction for [org.springframework.data.jpa.repository.support.SimpleJpaRepository.save]
2025-05-21T00:12:54.795-03:00 TRACE 16628 --- [PulseSystem] [restartedMain] o.s.t.i.TransactionInterceptor           : Getting transaction for [org.springframework.data.jpa.repository.support.SimpleJpaRepository.save]
2025-05-21T00:12:54.796-03:00 DEBUG 16628 --- [PulseSystem] [restartedMain] org.hibernate.SQL                        : 
    insert 
    into
        moto
        (condicao_mecanica, modelo, numero_chassi, patio_id, placa, status, id) 
    values
        (?, ?, ?, ?, ?, ?, default)
2025-05-21T00:12:54.799-03:00 TRACE 16628 --- [PulseSystem] [restartedMain] o.s.t.i.TransactionInterceptor           : Completing transaction for [org.springframework.data.jpa.repository.support.SimpleJpaRepository.save]
2025-05-21T00:12:54.800-03:00 TRACE 16628 --- [PulseSystem] [restartedMain] o.s.t.i.TransactionInterceptor           : Getting transaction for [org.springframework.data.jpa.repository.support.SimpleJpaRepository.save]
2025-05-21T00:12:54.800-03:00 DEBUG 16628 --- [PulseSystem] [restartedMain] org.hibernate.SQL                        : 
    insert 
    into
        beacon
        (codigo, moto_id, status, id) 
    values
        (?, ?, ?, default)
2025-05-21T00:12:54.805-03:00 TRACE 16628 --- [PulseSystem] [restartedMain] o.s.t.i.TransactionInterceptor           : Completing transaction for [org.springframework.data.jpa.repository.support.SimpleJpaRepository.save]
2025-05-21T00:12:54.805-03:00 TRACE 16628 --- [PulseSystem] [restartedMain] o.s.t.i.TransactionInterceptor           : Getting transaction for [org.springframework.data.jpa.repository.support.SimpleJpaRepository.save]
2025-05-21T00:12:54.806-03:00 DEBUG 16628 --- [PulseSystem] [restartedMain] org.hibernate.SQL                        : 
    insert 
    into
        patio
        (capacidade, comprimento, bairro, cep, cidade, estado, numero, rua, largura, total_zonas, id) 
    values
        (?, ?, ?, ?, ?, ?, ?, ?, ?, ?, default)
2025-05-21T00:12:54.806-03:00 TRACE 16628 --- [PulseSystem] [restartedMain] o.s.t.i.TransactionInterceptor           : Completing transaction for [org.springframework.data.jpa.repository.support.SimpleJpaRepository.save]
2025-05-21T00:12:54.807-03:00 TRACE 16628 --- [PulseSystem] [restartedMain] o.s.t.i.TransactionInterceptor           : Getting transaction for [org.springframework.data.jpa.repository.support.SimpleJpaRepository.save]
2025-05-21T00:12:54.807-03:00 DEBUG 16628 --- [PulseSystem] [restartedMain] org.hibernate.SQL                        : 
    insert 
    into
        moto
        (condicao_mecanica, modelo, numero_chassi, patio_id, placa, status, id) 
    values
        (?, ?, ?, ?, ?, ?, default)
2025-05-21T00:12:54.807-03:00 TRACE 16628 --- [PulseSystem] [restartedMain] o.s.t.i.TransactionInterceptor           : Completing transaction for [org.springframework.data.jpa.repository.support.SimpleJpaRepository.save]
2025-05-21T00:12:54.808-03:00 TRACE 16628 --- [PulseSystem] [restartedMain] o.s.t.i.TransactionInterceptor           : Getting transaction for [org.springframework.data.jpa.repository.support.SimpleJpaRepository.save]
2025-05-21T00:12:54.808-03:00 DEBUG 16628 --- [PulseSystem] [restartedMain] org.hibernate.SQL                        : 
    insert 
    into
        beacon
        (codigo, moto_id, status, id) 
    values
        (?, ?, ?, default)
2025-05-21T00:12:54.809-03:00 TRACE 16628 --- [PulseSystem] [restartedMain] o.s.t.i.TransactionInterceptor           : Completing transaction for [org.springframework.data.jpa.repository.support.SimpleJpaRepository.save]
2025-05-21T00:12:54.809-03:00 TRACE 16628 --- [PulseSystem] [restartedMain] o.s.t.i.TransactionInterceptor           : Getting transaction for [org.springframework.data.jpa.repository.support.SimpleJpaRepository.save]
2025-05-21T00:12:54.810-03:00 DEBUG 16628 --- [PulseSystem] [restartedMain] org.hibernate.SQL                        : 
    insert 
    into
        patio
        (capacidade, comprimento, bairro, cep, cidade, estado, numero, rua, largura, total_zonas, id) 
    values
        (?, ?, ?, ?, ?, ?, ?, ?, ?, ?, default)
2025-05-21T00:12:54.810-03:00 TRACE 16628 --- [PulseSystem] [restartedMain] o.s.t.i.TransactionInterceptor           : Completing transaction for [org.springframework.data.jpa.repository.support.SimpleJpaRepository.save]
2025-05-21T00:12:54.811-03:00 TRACE 16628 --- [PulseSystem] [restartedMain] o.s.t.i.TransactionInterceptor           : Getting transaction for [org.springframework.data.jpa.repository.support.SimpleJpaRepository.save]
2025-05-21T00:12:54.811-03:00 DEBUG 16628 --- [PulseSystem] [restartedMain] org.hibernate.SQL                        : 
    insert 
    into
        moto
        (condicao_mecanica, modelo, numero_chassi, patio_id, placa, status, id) 
    values
        (?, ?, ?, ?, ?, ?, default)
2025-05-21T00:12:54.811-03:00 TRACE 16628 --- [PulseSystem] [restartedMain] o.s.t.i.TransactionInterceptor           : Completing transaction for [org.springframework.data.jpa.repository.support.SimpleJpaRepository.save]
2025-05-21T00:12:54.812-03:00 TRACE 16628 --- [PulseSystem] [restartedMain] o.s.t.i.TransactionInterceptor           : Getting transaction for [org.springframework.data.jpa.repository.support.SimpleJpaRepository.save]
2025-05-21T00:12:54.812-03:00 DEBUG 16628 --- [PulseSystem] [restartedMain] org.hibernate.SQL                        : 
    insert 
    into
        beacon
        (codigo, moto_id, status, id) 
    values
        (?, ?, ?, default)
2025-05-21T00:12:54.812-03:00 TRACE 16628 --- [PulseSystem] [restartedMain] o.s.t.i.TransactionInterceptor           : Completing transaction for [org.springframework.data.jpa.repository.support.SimpleJpaRepository.save]
2025-05-21T00:12:54.814-03:00 TRACE 16628 --- [PulseSystem] [restartedMain] o.s.t.i.TransactionInterceptor           : Getting transaction for [org.springframework.data.jpa.repository.support.SimpleJpaRepository.save]
2025-05-21T00:12:54.814-03:00 DEBUG 16628 --- [PulseSystem] [restartedMain] org.hibernate.SQL                        : 
    insert 
    into
        patio
        (capacidade, comprimento, bairro, cep, cidade, estado, numero, rua, largura, total_zonas, id) 
    values
        (?, ?, ?, ?, ?, ?, ?, ?, ?, ?, default)
2025-05-21T00:12:54.814-03:00 TRACE 16628 --- [PulseSystem] [restartedMain] o.s.t.i.TransactionInterceptor           : Completing transaction for [org.springframework.data.jpa.repository.support.SimpleJpaRepository.save]
2025-05-21T00:12:54.815-03:00 TRACE 16628 --- [PulseSystem] [restartedMain] o.s.t.i.TransactionInterceptor           : Getting transaction for [org.springframework.data.jpa.repository.support.SimpleJpaRepository.save]
2025-05-21T00:12:54.815-03:00 DEBUG 16628 --- [PulseSystem] [restartedMain] org.hibernate.SQL                        : 
    insert 
    into
        moto
        (condicao_mecanica, modelo, numero_chassi, patio_id, placa, status, id) 
    values
        (?, ?, ?, ?, ?, ?, default)
2025-05-21T00:12:54.815-03:00 TRACE 16628 --- [PulseSystem] [restartedMain] o.s.t.i.TransactionInterceptor           : Completing transaction for [org.springframework.data.jpa.repository.support.SimpleJpaRepository.save]
2025-05-21T00:12:54.816-03:00 TRACE 16628 --- [PulseSystem] [restartedMain] o.s.t.i.TransactionInterceptor           : Getting transaction for [org.springframework.data.jpa.repository.support.SimpleJpaRepository.save]
2025-05-21T00:12:54.816-03:00 DEBUG 16628 --- [PulseSystem] [restartedMain] org.hibernate.SQL                        : 
    insert 
    into
        beacon
        (codigo, moto_id, status, id) 
    values
        (?, ?, ?, default)
2025-05-21T00:12:54.817-03:00 TRACE 16628 --- [PulseSystem] [restartedMain] o.s.t.i.TransactionInterceptor           : Completing transaction for [org.springframework.data.jpa.repository.support.SimpleJpaRepository.save]
2025-05-21T00:12:54.817-03:00 TRACE 16628 --- [PulseSystem] [restartedMain] o.s.t.i.TransactionInterceptor           : Getting transaction for [org.springframework.data.jpa.repository.support.SimpleJpaRepository.save]
2025-05-21T00:12:54.817-03:00 DEBUG 16628 --- [PulseSystem] [restartedMain] org.hibernate.SQL                        : 
    insert 
    into
        patio
        (capacidade, comprimento, bairro, cep, cidade, estado, numero, rua, largura, total_zonas, id) 
    values
        (?, ?, ?, ?, ?, ?, ?, ?, ?, ?, default)
2025-05-21T00:12:54.818-03:00 TRACE 16628 --- [PulseSystem] [restartedMain] o.s.t.i.TransactionInterceptor           : Completing transaction for [org.springframework.data.jpa.repository.support.SimpleJpaRepository.save]
2025-05-21T00:12:54.818-03:00 TRACE 16628 --- [PulseSystem] [restartedMain] o.s.t.i.TransactionInterceptor           : Getting transaction for [org.springframework.data.jpa.repository.support.SimpleJpaRepository.save]
2025-05-21T00:12:54.819-03:00 DEBUG 16628 --- [PulseSystem] [restartedMain] org.hibernate.SQL                        : 
    insert 
    into
        moto
        (condicao_mecanica, modelo, numero_chassi, patio_id, placa, status, id) 
    values
        (?, ?, ?, ?, ?, ?, default)
2025-05-21T00:12:54.819-03:00 TRACE 16628 --- [PulseSystem] [restartedMain] o.s.t.i.TransactionInterceptor           : Completing transaction for [org.springframework.data.jpa.repository.support.SimpleJpaRepository.save]
2025-05-21T00:12:54.819-03:00 TRACE 16628 --- [PulseSystem] [restartedMain] o.s.t.i.TransactionInterceptor           : Getting transaction for [org.springframework.data.jpa.repository.support.SimpleJpaRepository.save]
2025-05-21T00:12:54.820-03:00 DEBUG 16628 --- [PulseSystem] [restartedMain] org.hibernate.SQL                        : 
    insert 
    into
        beacon
        (codigo, moto_id, status, id) 
    values
        (?, ?, ?, default)
2025-05-21T00:12:54.820-03:00 TRACE 16628 --- [PulseSystem] [restartedMain] o.s.t.i.TransactionInterceptor           : Completing transaction for [org.springframework.data.jpa.repository.support.SimpleJpaRepository.save]
2025-05-21T00:14:27.000-03:00  INFO 16628 --- [PulseSystem] [http-nio-8080-exec-8] o.springdoc.api.AbstractOpenApiResource  : Init duration for springdoc-openapi is: 426 ms
2025-05-21T00:14:34.941-03:00 TRACE 16628 --- [PulseSystem] [http-nio-8080-exec-4] o.s.t.i.TransactionInterceptor           : Getting transaction for [org.springframework.data.jpa.repository.support.SimpleJpaRepository.findAll]
2025-05-21T00:14:35.020-03:00 DEBUG 16628 --- [PulseSystem] [http-nio-8080-exec-4] org.hibernate.SQL                        : 
    select
        m1_0.id,
        m1_0.condicao_mecanica,
        m1_0.modelo,
        m1_0.numero_chassi,
        m1_0.patio_id,
        m1_0.placa,
        m1_0.status 
    from
        moto m1_0
2025-05-21T00:14:35.037-03:00 DEBUG 16628 --- [PulseSystem] [http-nio-8080-exec-4] org.hibernate.SQL                        : 
    select
        b1_0.id,
        b1_0.codigo,
        m1_0.id,
        m1_0.condicao_mecanica,
        m1_0.modelo,
        m1_0.numero_chassi,
        p1_0.id,
        p1_0.capacidade,
        p1_0.comprimento,
        p1_0.bairro,
        p1_0.cep,
        p1_0.cidade,
        p1_0.estado,
        p1_0.numero,
        p1_0.rua,
        p1_0.largura,
        p1_0.total_zonas,
        m1_0.placa,
        m1_0.status,
        b1_0.status 
    from
        beacon b1_0 
    left join
        moto m1_0 
            on m1_0.id=b1_0.moto_id 
    left join
        patio p1_0 
            on p1_0.id=m1_0.patio_id 
    where
        b1_0.moto_id=?
2025-05-21T00:14:35.054-03:00 DEBUG 16628 --- [PulseSystem] [http-nio-8080-exec-4] org.hibernate.SQL                        : 
    select
        b1_0.id,
        b1_0.codigo,
        m1_0.id,
        m1_0.condicao_mecanica,
        m1_0.modelo,
        m1_0.numero_chassi,
        p1_0.id,
        p1_0.capacidade,
        p1_0.comprimento,
        p1_0.bairro,
        p1_0.cep,
        p1_0.cidade,
        p1_0.estado,
        p1_0.numero,
        p1_0.rua,
        p1_0.largura,
        p1_0.total_zonas,
        m1_0.placa,
        m1_0.status,
        b1_0.status 
    from
        beacon b1_0 
    left join
        moto m1_0 
            on m1_0.id=b1_0.moto_id 
    left join
        patio p1_0 
            on p1_0.id=m1_0.patio_id 
    where
        b1_0.moto_id=?
2025-05-21T00:14:35.054-03:00 DEBUG 16628 --- [PulseSystem] [http-nio-8080-exec-4] org.hibernate.SQL                        : 
    select
        b1_0.id,
        b1_0.codigo,
        m1_0.id,
        m1_0.condicao_mecanica,
        m1_0.modelo,
        m1_0.numero_chassi,
        p1_0.id,
        p1_0.capacidade,
        p1_0.comprimento,
        p1_0.bairro,
        p1_0.cep,
        p1_0.cidade,
        p1_0.estado,
        p1_0.numero,
        p1_0.rua,
        p1_0.largura,
        p1_0.total_zonas,
        m1_0.placa,
        m1_0.status,
        b1_0.status 
    from
        beacon b1_0 
    left join
        moto m1_0 
            on m1_0.id=b1_0.moto_id 
    left join
        patio p1_0 
            on p1_0.id=m1_0.patio_id 
    where
        b1_0.moto_id=?
2025-05-21T00:14:35.054-03:00 DEBUG 16628 --- [PulseSystem] [http-nio-8080-exec-4] org.hibernate.SQL                        : 
    select
        b1_0.id,
        b1_0.codigo,
        m1_0.id,
        m1_0.condicao_mecanica,
        m1_0.modelo,
        m1_0.numero_chassi,
        p1_0.id,
        p1_0.capacidade,
        p1_0.comprimento,
        p1_0.bairro,
        p1_0.cep,
        p1_0.cidade,
        p1_0.estado,
        p1_0.numero,
        p1_0.rua,
        p1_0.largura,
        p1_0.total_zonas,
        m1_0.placa,
        m1_0.status,
        b1_0.status 
    from
        beacon b1_0 
    left join
        moto m1_0 
            on m1_0.id=b1_0.moto_id 
    left join
        patio p1_0 
            on p1_0.id=m1_0.patio_id 
    where
        b1_0.moto_id=?
2025-05-21T00:14:35.054-03:00 DEBUG 16628 --- [PulseSystem] [http-nio-8080-exec-4] org.hibernate.SQL                        : 
    select
        b1_0.id,
        b1_0.codigo,
        m1_0.id,
        m1_0.condicao_mecanica,
        m1_0.modelo,
        m1_0.numero_chassi,
        p1_0.id,
        p1_0.capacidade,
        p1_0.comprimento,
        p1_0.bairro,
        p1_0.cep,
        p1_0.cidade,
        p1_0.estado,
        p1_0.numero,
        p1_0.rua,
        p1_0.largura,
        p1_0.total_zonas,
        m1_0.placa,
        m1_0.status,
        b1_0.status 
    from
        beacon b1_0 
    left join
        moto m1_0 
            on m1_0.id=b1_0.moto_id 
    left join
        patio p1_0 
            on p1_0.id=m1_0.patio_id 
    where
        b1_0.moto_id=?
2025-05-21T00:14:35.054-03:00 TRACE 16628 --- [PulseSystem] [http-nio-8080-exec-4] o.s.t.i.TransactionInterceptor           : Completing transaction for [org.springframework.data.jpa.repository.support.SimpleJpaRepository.findAll]
2025-05-21T00:15:12.272-03:00 TRACE 16628 --- [PulseSystem] [http-nio-8080-exec-2] o.s.t.i.TransactionInterceptor           : Getting transaction for [org.springframework.data.jpa.repository.support.SimpleJpaRepository.save]
2025-05-21T00:15:12.272-03:00 DEBUG 16628 --- [PulseSystem] [http-nio-8080-exec-2] org.hibernate.SQL                        : 
    insert 
    into
        patio
        (capacidade, comprimento, bairro, cep, cidade, estado, numero, rua, largura, total_zonas, id) 
    values
        (?, ?, ?, ?, ?, ?, ?, ?, ?, ?, default)
2025-05-21T00:15:12.272-03:00 TRACE 16628 --- [PulseSystem] [http-nio-8080-exec-2] o.s.t.i.TransactionInterceptor           : Completing transaction for [org.springframework.data.jpa.repository.support.SimpleJpaRepository.save]
2025-05-21T00:15:20.112-03:00 TRACE 16628 --- [PulseSystem] [http-nio-8080-exec-6] o.s.t.i.TransactionInterceptor           : Getting transaction for [org.springframework.data.jpa.repository.support.SimpleJpaRepository.findAll]
2025-05-21T00:15:20.112-03:00 DEBUG 16628 --- [PulseSystem] [http-nio-8080-exec-6] org.hibernate.SQL                        : 
    select
        p1_0.id,
        p1_0.capacidade,
        p1_0.comprimento,
        p1_0.bairro,
        p1_0.cep,
        p1_0.cidade,
        p1_0.estado,
        p1_0.numero,
        p1_0.rua,
        p1_0.largura,
        p1_0.total_zonas 
    from
        patio p1_0
2025-05-21T00:15:20.119-03:00 TRACE 16628 --- [PulseSystem] [http-nio-8080-exec-6] o.s.t.i.TransactionInterceptor           : Completing transaction for [org.springframework.data.jpa.repository.support.SimpleJpaRepository.findAll]
2025-05-21T00:15:20.119-03:00 DEBUG 16628 --- [PulseSystem] [http-nio-8080-exec-6] org.hibernate.SQL                        : 
    select
        m1_0.patio_id,
        m1_0.id,
        b1_0.id,
        b1_0.codigo,
        b1_0.status,
        m1_0.condicao_mecanica,
        m1_0.modelo,
        m1_0.numero_chassi,
        m1_0.placa,
        m1_0.status 
    from
        moto m1_0 
    left join
        beacon b1_0 
            on m1_0.id=b1_0.moto_id 
    where
        m1_0.patio_id=?
2025-05-21T00:15:20.129-03:00 DEBUG 16628 --- [PulseSystem] [http-nio-8080-exec-6] org.hibernate.SQL                        : 
    select
        m1_0.patio_id,
        m1_0.id,
        b1_0.id,
        b1_0.codigo,
        b1_0.status,
        m1_0.condicao_mecanica,
        m1_0.modelo,
        m1_0.numero_chassi,
        m1_0.placa,
        m1_0.status 
    from
        moto m1_0 
    left join
        beacon b1_0 
            on m1_0.id=b1_0.moto_id 
    where
        m1_0.patio_id=?
2025-05-21T00:15:20.129-03:00 DEBUG 16628 --- [PulseSystem] [http-nio-8080-exec-6] org.hibernate.SQL                        : 
    select
        m1_0.patio_id,
        m1_0.id,
        b1_0.id,
        b1_0.codigo,
        b1_0.status,
        m1_0.condicao_mecanica,
        m1_0.modelo,
        m1_0.numero_chassi,
        m1_0.placa,
        m1_0.status 
    from
        moto m1_0 
    left join
        beacon b1_0 
            on m1_0.id=b1_0.moto_id 
    where
        m1_0.patio_id=?
2025-05-21T00:15:20.131-03:00 DEBUG 16628 --- [PulseSystem] [http-nio-8080-exec-6] org.hibernate.SQL                        : 
    select
        m1_0.patio_id,
        m1_0.id,
        b1_0.id,
        b1_0.codigo,
        b1_0.status,
        m1_0.condicao_mecanica,
        m1_0.modelo,
        m1_0.numero_chassi,
        m1_0.placa,
        m1_0.status 
    from
        moto m1_0 
    left join
        beacon b1_0 
            on m1_0.id=b1_0.moto_id 
    where
        m1_0.patio_id=?
2025-05-21T00:15:20.131-03:00 DEBUG 16628 --- [PulseSystem] [http-nio-8080-exec-6] org.hibernate.SQL                        : 
    select
        m1_0.patio_id,
        m1_0.id,
        b1_0.id,
        b1_0.codigo,
        b1_0.status,
        m1_0.condicao_mecanica,
        m1_0.modelo,
        m1_0.numero_chassi,
        m1_0.placa,
        m1_0.status 
    from
        moto m1_0 
    left join
        beacon b1_0 
            on m1_0.id=b1_0.moto_id 
    where
        m1_0.patio_id=?
2025-05-21T00:15:20.131-03:00 DEBUG 16628 --- [PulseSystem] [http-nio-8080-exec-6] org.hibernate.SQL                        : 
    select
        m1_0.patio_id,
        m1_0.id,
        b1_0.id,
        b1_0.codigo,
        b1_0.status,
        m1_0.condicao_mecanica,
        m1_0.modelo,
        m1_0.numero_chassi,
        m1_0.placa,
        m1_0.status 
    from
        moto m1_0 
    left join
        beacon b1_0 
            on m1_0.id=b1_0.moto_id 
    where
        m1_0.patio_id=?
2025-05-21T00:15:38.304-03:00  INFO 16628 --- [PulseSystem] [SpringApplicationShutdownHook] o.s.b.w.e.tomcat.GracefulShutdown        : Commencing graceful shutdown. Waiting for active requests to complete
2025-05-21T00:15:38.336-03:00  INFO 16628 --- [PulseSystem] [tomcat-shutdown] o.s.b.w.e.tomcat.GracefulShutdown        : Graceful shutdown complete
2025-05-21T00:15:38.336-03:00  INFO 16628 --- [PulseSystem] [SpringApplicationShutdownHook] j.LocalContainerEntityManagerFactoryBean : Closing JPA EntityManagerFactory for persistence unit 'default'
2025-05-21T00:15:38.336-03:00 DEBUG 16628 --- [PulseSystem] [SpringApplicationShutdownHook] org.hibernate.SQL                        : 
    drop table if exists beacon cascade 
2025-05-21T00:15:38.336-03:00 DEBUG 16628 --- [PulseSystem] [SpringApplicationShutdownHook] org.hibernate.SQL                        : 
    drop table if exists moto cascade 
2025-05-21T00:15:38.336-03:00 DEBUG 16628 --- [PulseSystem] [SpringApplicationShutdownHook] org.hibernate.SQL                        : 
    drop table if exists patio cascade 
2025-05-21T00:15:38.351-03:00  WARN 16628 --- [PulseSystem] [SpringApplicationShutdownHook] o.s.b.f.support.DisposableBeanAdapter    : Invocation of destroy method failed on bean with name 'inMemoryDatabaseShutdownExecutor': org.h2.jdbc.JdbcSQLNonTransientConnectionException: Database is already closed (to disable automatic closing at VM shutdown, add ";DB_CLOSE_ON_EXIT=FALSE" to the db URL) [90121-232]
2025-05-21T00:15:38.351-03:00  INFO 16628 --- [PulseSystem] [SpringApplicationShutdownHook] com.zaxxer.hikari.HikariDataSource       : SpringBootHikariCP - Shutdown initiated...
2025-05-21T00:15:38.351-03:00  INFO 16628 --- [PulseSystem] [SpringApplicationShutdownHook] com.zaxxer.hikari.HikariDataSource       : SpringBootHikariCP - Shutdown completed.
2025-10-10T22:07:32.224-03:00  INFO 12112 --- [PulseSystem] [restartedMain] br.com.pulse.AppPulseApplication         : Starting AppPulseApplication using Java 17.0.14 with PID 12112 (C:\Users\gabis\OneDrive - Fiap-Faculdade de Informática e Administração Paulista\Área de Trabalho\Challenge\java\JavaSystem\target\classes started by gabis in C:\Users\gabis\OneDrive - Fiap-Faculdade de Informática e Administração Paulista\Área de Trabalho\Challenge\java\JavaSystem)
2025-10-10T22:07:32.232-03:00  INFO 12112 --- [PulseSystem] [restartedMain] br.com.pulse.AppPulseApplication         : No active profile set, falling back to 1 default profile: "default"
2025-10-10T22:07:32.375-03:00  INFO 12112 --- [PulseSystem] [restartedMain] .e.DevToolsPropertyDefaultsPostProcessor : Devtools property defaults active! Set 'spring.devtools.add-properties' to 'false' to disable
2025-10-10T22:07:32.375-03:00  INFO 12112 --- [PulseSystem] [restartedMain] .e.DevToolsPropertyDefaultsPostProcessor : For additional web related logging consider setting the 'logging.level.web' property to 'DEBUG'
2025-10-10T22:07:34.286-03:00  INFO 12112 --- [PulseSystem] [restartedMain] .s.d.r.c.RepositoryConfigurationDelegate : Bootstrapping Spring Data JPA repositories in DEFAULT mode.
2025-10-10T22:07:34.408-03:00  INFO 12112 --- [PulseSystem] [restartedMain] .s.d.r.c.RepositoryConfigurationDelegate : Finished Spring Data repository scanning in 100 ms. Found 3 JPA repository interfaces.
2025-10-10T22:07:35.545-03:00  INFO 12112 --- [PulseSystem] [restartedMain] o.s.b.w.embedded.tomcat.TomcatWebServer  : Tomcat initialized with port 8080 (http)
2025-10-10T22:07:35.572-03:00  INFO 12112 --- [PulseSystem] [restartedMain] o.apache.catalina.core.StandardService   : Starting service [Tomcat]
2025-10-10T22:07:35.573-03:00  INFO 12112 --- [PulseSystem] [restartedMain] o.apache.catalina.core.StandardEngine    : Starting Servlet engine: [Apache Tomcat/10.1.39]
2025-10-10T22:07:35.671-03:00  INFO 12112 --- [PulseSystem] [restartedMain] o.a.c.c.C.[Tomcat].[localhost].[/]       : Initializing Spring embedded WebApplicationContext
2025-10-10T22:07:35.672-03:00  INFO 12112 --- [PulseSystem] [restartedMain] w.s.c.ServletWebServerApplicationContext : Root WebApplicationContext: initialization completed in 3295 ms
2025-10-10T22:07:36.009-03:00  INFO 12112 --- [PulseSystem] [restartedMain] o.hibernate.jpa.internal.util.LogHelper  : HHH000204: Processing PersistenceUnitInfo [name: default]
2025-10-10T22:07:36.132-03:00  INFO 12112 --- [PulseSystem] [restartedMain] org.hibernate.Version                    : HHH000412: Hibernate ORM core version 6.6.11.Final
2025-10-10T22:07:36.211-03:00  INFO 12112 --- [PulseSystem] [restartedMain] o.h.c.internal.RegionFactoryInitiator    : HHH000026: Second-level cache disabled
2025-10-10T22:07:37.045-03:00  INFO 12112 --- [PulseSystem] [restartedMain] o.s.o.j.p.SpringPersistenceUnitInfo      : No LoadTimeWeaver setup: ignoring JPA class transformer
2025-10-10T22:07:37.153-03:00  INFO 12112 --- [PulseSystem] [restartedMain] com.zaxxer.hikari.HikariDataSource       : SpringBootHikariCP - Starting...
2025-10-10T22:07:37.587-03:00  INFO 12112 --- [PulseSystem] [restartedMain] com.zaxxer.hikari.pool.HikariPool        : SpringBootHikariCP - Added connection conn0: url=jdbc:h2:mem:pulsesystemdb user=SA
2025-10-10T22:07:37.591-03:00  INFO 12112 --- [PulseSystem] [restartedMain] com.zaxxer.hikari.HikariDataSource       : SpringBootHikariCP - Start completed.
2025-10-10T22:07:37.706-03:00  INFO 12112 --- [PulseSystem] [restartedMain] org.hibernate.orm.connections.pooling    : HHH10001005: Database info:
	Database JDBC URL [Connecting through datasource 'HikariDataSource (SpringBootHikariCP)']
	Database driver: undefined/unknown
	Database version: 2.3.232
	Autocommit mode: undefined/unknown
	Isolation level: undefined/unknown
	Minimum pool size: undefined/unknown
	Maximum pool size: undefined/unknown
2025-10-10T22:07:37.788-03:00 ERROR 12112 --- [PulseSystem] [restartedMain] j.LocalContainerEntityManagerFactoryBean : Failed to initialize JPA EntityManagerFactory: Unable to load class [br.com.pulse.domainmodel.Endereco]
2025-10-10T22:07:37.789-03:00  WARN 12112 --- [PulseSystem] [restartedMain] ConfigServletWebServerApplicationContext : Exception encountered during context initialization - cancelling refresh attempt: org.springframework.beans.factory.BeanCreationException: Error creating bean with name 'entityManagerFactory' defined in class path resource [org/springframework/boot/autoconfigure/orm/jpa/HibernateJpaConfiguration.class]: Unable to load class [br.com.pulse.domainmodel.Endereco]
2025-10-10T22:07:37.803-03:00  WARN 12112 --- [PulseSystem] [restartedMain] o.s.b.f.support.DisposableBeanAdapter    : Invocation of destroy method failed on bean with name 'inMemoryDatabaseShutdownExecutor': org.h2.jdbc.JdbcSQLNonTransientConnectionException: Database is already closed (to disable automatic closing at VM shutdown, add ";DB_CLOSE_ON_EXIT=FALSE" to the db URL) [90121-232]
2025-10-10T22:07:37.804-03:00  INFO 12112 --- [PulseSystem] [restartedMain] com.zaxxer.hikari.HikariDataSource       : SpringBootHikariCP - Shutdown initiated...
2025-10-10T22:07:37.810-03:00  INFO 12112 --- [PulseSystem] [restartedMain] com.zaxxer.hikari.HikariDataSource       : SpringBootHikariCP - Shutdown completed.
2025-10-10T22:07:37.818-03:00  INFO 12112 --- [PulseSystem] [restartedMain] o.apache.catalina.core.StandardService   : Stopping service [Tomcat]
2025-10-10T22:07:37.845-03:00  INFO 12112 --- [PulseSystem] [restartedMain] .s.b.a.l.ConditionEvaluationReportLogger : 

Error starting ApplicationContext. To display the condition evaluation report re-run your application with 'debug' enabled.
2025-10-10T22:07:37.898-03:00 ERROR 12112 --- [PulseSystem] [restartedMain] o.s.boot.SpringApplication               : Application run failed

org.springframework.beans.factory.BeanCreationException: Error creating bean with name 'entityManagerFactory' defined in class path resource [org/springframework/boot/autoconfigure/orm/jpa/HibernateJpaConfiguration.class]: Unable to load class [br.com.pulse.domainmodel.Endereco]
	at org.springframework.beans.factory.support.AbstractAutowireCapableBeanFactory.initializeBean(AbstractAutowireCapableBeanFactory.java:1812) ~[spring-beans-6.2.5.jar:6.2.5]
	at org.springframework.beans.factory.support.AbstractAutowireCapableBeanFactory.doCreateBean(AbstractAutowireCapableBeanFactory.java:601) ~[spring-beans-6.2.5.jar:6.2.5]
	at org.springframework.beans.factory.support.AbstractAutowireCapableBeanFactory.createBean(AbstractAutowireCapableBeanFactory.java:523) ~[spring-beans-6.2.5.jar:6.2.5]
	at org.springframework.beans.factory.support.AbstractBeanFactory.lambda$doGetBean$0(AbstractBeanFactory.java:339) ~[spring-beans-6.2.5.jar:6.2.5]
	at org.springframework.beans.factory.support.DefaultSingletonBeanRegistry.getSingleton(DefaultSingletonBeanRegistry.java:347) ~[spring-beans-6.2.5.jar:6.2.5]
	at org.springframework.beans.factory.support.AbstractBeanFactory.doGetBean(AbstractBeanFactory.java:337) ~[spring-beans-6.2.5.jar:6.2.5]
	at org.springframework.beans.factory.support.AbstractBeanFactory.getBean(AbstractBeanFactory.java:207) ~[spring-beans-6.2.5.jar:6.2.5]
	at org.springframework.context.support.AbstractApplicationContext.finishBeanFactoryInitialization(AbstractApplicationContext.java:970) ~[spring-context-6.2.5.jar:6.2.5]
	at org.springframework.context.support.AbstractApplicationContext.refresh(AbstractApplicationContext.java:627) ~[spring-context-6.2.5.jar:6.2.5]
	at org.springframework.boot.web.servlet.context.ServletWebServerApplicationContext.refresh(ServletWebServerApplicationContext.java:146) ~[spring-boot-3.4.4.jar:3.4.4]
	at org.springframework.boot.SpringApplication.refresh(SpringApplication.java:752) ~[spring-boot-3.4.4.jar:3.4.4]
	at org.springframework.boot.SpringApplication.refreshContext(SpringApplication.java:439) ~[spring-boot-3.4.4.jar:3.4.4]
	at org.springframework.boot.SpringApplication.run(SpringApplication.java:318) ~[spring-boot-3.4.4.jar:3.4.4]
	at org.springframework.boot.SpringApplication.run(SpringApplication.java:1361) ~[spring-boot-3.4.4.jar:3.4.4]
	at org.springframework.boot.SpringApplication.run(SpringApplication.java:1350) ~[spring-boot-3.4.4.jar:3.4.4]
	at br.com.pulse.AppPulseApplication.main(AppPulseApplication.java:11) ~[classes/:na]
	at java.base/jdk.internal.reflect.NativeMethodAccessorImpl.invoke0(Native Method) ~[na:na]
	at java.base/jdk.internal.reflect.NativeMethodAccessorImpl.invoke(NativeMethodAccessorImpl.java:77) ~[na:na]
	at java.base/jdk.internal.reflect.DelegatingMethodAccessorImpl.invoke(DelegatingMethodAccessorImpl.java:43) ~[na:na]
	at java.base/java.lang.reflect.Method.invoke(Method.java:569) ~[na:na]
	at org.springframework.boot.devtools.restart.RestartLauncher.run(RestartLauncher.java:50) ~[spring-boot-devtools-3.4.4.jar:3.4.4]
Caused by: org.hibernate.boot.registry.classloading.spi.ClassLoadingException: Unable to load class [br.com.pulse.domainmodel.Endereco]
	at org.hibernate.boot.registry.classloading.internal.ClassLoaderServiceImpl.classForName(ClassLoaderServiceImpl.java:126) ~[hibernate-core-6.6.11.Final.jar:6.6.11.Final]
	at org.hibernate.boot.model.source.internal.annotations.AnnotationMetadataSourceProcessorImpl.<init>(AnnotationMetadataSourceProcessorImpl.java:103) ~[hibernate-core-6.6.11.Final.jar:6.6.11.Final]
	at org.hibernate.boot.model.process.spi.MetadataBuildingProcess$1.<init>(MetadataBuildingProcess.java:206) ~[hibernate-core-6.6.11.Final.jar:6.6.11.Final]
	at org.hibernate.boot.model.process.spi.MetadataBuildingProcess.complete(MetadataBuildingProcess.java:200) ~[hibernate-core-6.6.11.Final.jar:6.6.11.Final]
	at org.hibernate.jpa.boot.internal.EntityManagerFactoryBuilderImpl.metadata(EntityManagerFactoryBuilderImpl.java:1442) ~[hibernate-core-6.6.11.Final.jar:6.6.11.Final]
	at org.hibernate.jpa.boot.internal.EntityManagerFactoryBuilderImpl.build(EntityManagerFactoryBuilderImpl.java:1513) ~[hibernate-core-6.6.11.Final.jar:6.6.11.Final]
	at org.springframework.orm.jpa.vendor.SpringHibernateJpaPersistenceProvider.createContainerEntityManagerFactory(SpringHibernateJpaPersistenceProvider.java:66) ~[spring-orm-6.2.5.jar:6.2.5]
	at org.springframework.orm.jpa.LocalContainerEntityManagerFactoryBean.createNativeEntityManagerFactory(LocalContainerEntityManagerFactoryBean.java:390) ~[spring-orm-6.2.5.jar:6.2.5]
	at org.springframework.orm.jpa.AbstractEntityManagerFactoryBean.buildNativeEntityManagerFactory(AbstractEntityManagerFactoryBean.java:419) ~[spring-orm-6.2.5.jar:6.2.5]
	at org.springframework.orm.jpa.AbstractEntityManagerFactoryBean.afterPropertiesSet(AbstractEntityManagerFactoryBean.java:400) ~[spring-orm-6.2.5.jar:6.2.5]
	at org.springframework.orm.jpa.LocalContainerEntityManagerFactoryBean.afterPropertiesSet(LocalContainerEntityManagerFactoryBean.java:366) ~[spring-orm-6.2.5.jar:6.2.5]
	at org.springframework.beans.factory.support.AbstractAutowireCapableBeanFactory.invokeInitMethods(AbstractAutowireCapableBeanFactory.java:1859) ~[spring-beans-6.2.5.jar:6.2.5]
	at org.springframework.beans.factory.support.AbstractAutowireCapableBeanFactory.initializeBean(AbstractAutowireCapableBeanFactory.java:1808) ~[spring-beans-6.2.5.jar:6.2.5]
	... 20 common frames omitted
Caused by: java.lang.ClassNotFoundException: Could not load requested class : br.com.pulse.domainmodel.Endereco
	at org.hibernate.boot.registry.classloading.internal.AggregatedClassLoader.findClass(AggregatedClassLoader.java:216) ~[hibernate-core-6.6.11.Final.jar:6.6.11.Final]
	at java.base/java.lang.ClassLoader.loadClass(ClassLoader.java:592) ~[na:na]
	at java.base/java.lang.ClassLoader.loadClass(ClassLoader.java:525) ~[na:na]
	at java.base/java.lang.Class.forName0(Native Method) ~[na:na]
	at java.base/java.lang.Class.forName(Class.java:467) ~[na:na]
	at org.hibernate.boot.registry.classloading.internal.ClassLoaderServiceImpl.classForName(ClassLoaderServiceImpl.java:123) ~[hibernate-core-6.6.11.Final.jar:6.6.11.Final]
	... 32 common frames omitted
Caused by: java.lang.Throwable: null
	at org.hibernate.boot.registry.classloading.internal.AggregatedClassLoader.findClass(AggregatedClassLoader.java:209) ~[hibernate-core-6.6.11.Final.jar:6.6.11.Final]
	... 37 common frames omitted
	Suppressed: java.lang.ClassNotFoundException: br.com.pulse.domainmodel.Endereco
		at java.base/jdk.internal.loader.BuiltinClassLoader.loadClass(BuiltinClassLoader.java:641) ~[na:na]
		at java.base/jdk.internal.loader.ClassLoaders$AppClassLoader.loadClass(ClassLoaders.java:188) ~[na:na]
		at java.base/java.lang.ClassLoader.loadClass(ClassLoader.java:525) ~[na:na]
		at java.base/java.lang.Class.forName0(Native Method) ~[na:na]
		at java.base/java.lang.Class.forName(Class.java:467) ~[na:na]
		at org.springframework.boot.devtools.restart.classloader.RestartClassLoader.loadClass(RestartClassLoader.java:121) ~[spring-boot-devtools-3.4.4.jar:3.4.4]
		at java.base/java.lang.ClassLoader.loadClass(ClassLoader.java:525) ~[na:na]
		at org.hibernate.boot.registry.classloading.internal.AggregatedClassLoader.findClass(AggregatedClassLoader.java:206) ~[hibernate-core-6.6.11.Final.jar:6.6.11.Final]
		... 37 common frames omitted
	Suppressed: java.lang.ClassNotFoundException: br.com.pulse.domainmodel.Endereco
		at java.base/jdk.internal.loader.BuiltinClassLoader.loadClass(BuiltinClassLoader.java:641) ~[na:na]
		at java.base/jdk.internal.loader.ClassLoaders$AppClassLoader.loadClass(ClassLoaders.java:188) ~[na:na]
		at java.base/java.lang.ClassLoader.loadClass(ClassLoader.java:525) ~[na:na]
		at org.hibernate.boot.registry.classloading.internal.AggregatedClassLoader.findClass(AggregatedClassLoader.java:206) ~[hibernate-core-6.6.11.Final.jar:6.6.11.Final]
		... 37 common frames omitted
	Suppressed: java.lang.ClassNotFoundException: br.com.pulse.domainmodel.Endereco
		at java.base/jdk.internal.loader.BuiltinClassLoader.loadClass(BuiltinClassLoader.java:641) ~[na:na]
		at java.base/jdk.internal.loader.ClassLoaders$AppClassLoader.loadClass(ClassLoaders.java:188) ~[na:na]
		at java.base/java.lang.ClassLoader.loadClass(ClassLoader.java:525) ~[na:na]
		at java.base/java.lang.Class.forName0(Native Method) ~[na:na]
		at java.base/java.lang.Class.forName(Class.java:467) ~[na:na]
		at org.springframework.boot.devtools.restart.classloader.RestartClassLoader.loadClass(RestartClassLoader.java:121) ~[spring-boot-devtools-3.4.4.jar:3.4.4]
		at java.base/java.lang.ClassLoader.loadClass(ClassLoader.java:525) ~[na:na]
		at org.hibernate.boot.registry.classloading.internal.AggregatedClassLoader.findClass(AggregatedClassLoader.java:206) ~[hibernate-core-6.6.11.Final.jar:6.6.11.Final]
		... 37 common frames omitted
	Suppressed: java.lang.ClassNotFoundException: br.com.pulse.domainmodel.Endereco
		at java.base/jdk.internal.loader.BuiltinClassLoader.loadClass(BuiltinClassLoader.java:641) ~[na:na]
		at java.base/jdk.internal.loader.ClassLoaders$AppClassLoader.loadClass(ClassLoaders.java:188) ~[na:na]
		at java.base/java.lang.ClassLoader.loadClass(ClassLoader.java:525) ~[na:na]
		at org.hibernate.boot.registry.classloading.internal.AggregatedClassLoader.findClass(AggregatedClassLoader.java:206) ~[hibernate-core-6.6.11.Final.jar:6.6.11.Final]
		... 37 common frames omitted

2025-10-10T22:12:26.089-03:00  INFO 19084 --- [PulseSystem] [restartedMain] br.com.pulse.AppPulseApplication         : Starting AppPulseApplication using Java 17.0.14 with PID 19084 (C:\Users\gabis\OneDrive - Fiap-Faculdade de Informática e Administração Paulista\Área de Trabalho\Challenge\java\JavaSystem\target\classes started by gabis in C:\Users\gabis\OneDrive - Fiap-Faculdade de Informática e Administração Paulista\Área de Trabalho\Challenge\java\JavaSystem)
2025-10-10T22:12:26.093-03:00  INFO 19084 --- [PulseSystem] [restartedMain] br.com.pulse.AppPulseApplication         : No active profile set, falling back to 1 default profile: "default"
2025-10-10T22:12:26.181-03:00  INFO 19084 --- [PulseSystem] [restartedMain] .e.DevToolsPropertyDefaultsPostProcessor : Devtools property defaults active! Set 'spring.devtools.add-properties' to 'false' to disable
2025-10-10T22:12:26.182-03:00  INFO 19084 --- [PulseSystem] [restartedMain] .e.DevToolsPropertyDefaultsPostProcessor : For additional web related logging consider setting the 'logging.level.web' property to 'DEBUG'
2025-10-10T22:12:27.367-03:00  INFO 19084 --- [PulseSystem] [restartedMain] .s.d.r.c.RepositoryConfigurationDelegate : Bootstrapping Spring Data JPA repositories in DEFAULT mode.
2025-10-10T22:12:27.439-03:00  INFO 19084 --- [PulseSystem] [restartedMain] .s.d.r.c.RepositoryConfigurationDelegate : Finished Spring Data repository scanning in 63 ms. Found 3 JPA repository interfaces.
2025-10-10T22:12:28.041-03:00  INFO 19084 --- [PulseSystem] [restartedMain] o.s.b.w.embedded.tomcat.TomcatWebServer  : Tomcat initialized with port 8080 (http)
2025-10-10T22:12:28.054-03:00  INFO 19084 --- [PulseSystem] [restartedMain] o.apache.catalina.core.StandardService   : Starting service [Tomcat]
2025-10-10T22:12:28.055-03:00  INFO 19084 --- [PulseSystem] [restartedMain] o.apache.catalina.core.StandardEngine    : Starting Servlet engine: [Apache Tomcat/10.1.39]
2025-10-10T22:12:28.112-03:00  INFO 19084 --- [PulseSystem] [restartedMain] o.a.c.c.C.[Tomcat].[localhost].[/]       : Initializing Spring embedded WebApplicationContext
2025-10-10T22:12:28.112-03:00  INFO 19084 --- [PulseSystem] [restartedMain] w.s.c.ServletWebServerApplicationContext : Root WebApplicationContext: initialization completed in 1929 ms
2025-10-10T22:12:28.345-03:00  INFO 19084 --- [PulseSystem] [restartedMain] o.hibernate.jpa.internal.util.LogHelper  : HHH000204: Processing PersistenceUnitInfo [name: default]
2025-10-10T22:12:28.422-03:00  INFO 19084 --- [PulseSystem] [restartedMain] org.hibernate.Version                    : HHH000412: Hibernate ORM core version 6.6.11.Final
2025-10-10T22:12:28.481-03:00  INFO 19084 --- [PulseSystem] [restartedMain] o.h.c.internal.RegionFactoryInitiator    : HHH000026: Second-level cache disabled
2025-10-10T22:12:28.829-03:00  INFO 19084 --- [PulseSystem] [restartedMain] o.s.o.j.p.SpringPersistenceUnitInfo      : No LoadTimeWeaver setup: ignoring JPA class transformer
2025-10-10T22:12:28.866-03:00  INFO 19084 --- [PulseSystem] [restartedMain] com.zaxxer.hikari.HikariDataSource       : SpringBootHikariCP - Starting...
2025-10-10T22:12:29.055-03:00  INFO 19084 --- [PulseSystem] [restartedMain] com.zaxxer.hikari.pool.HikariPool        : SpringBootHikariCP - Added connection conn0: url=jdbc:h2:mem:pulsesystemdb user=SA
2025-10-10T22:12:29.060-03:00  INFO 19084 --- [PulseSystem] [restartedMain] com.zaxxer.hikari.HikariDataSource       : SpringBootHikariCP - Start completed.
2025-10-10T22:12:29.128-03:00  INFO 19084 --- [PulseSystem] [restartedMain] org.hibernate.orm.connections.pooling    : HHH10001005: Database info:
	Database JDBC URL [Connecting through datasource 'HikariDataSource (SpringBootHikariCP)']
	Database driver: undefined/unknown
	Database version: 2.3.232
	Autocommit mode: undefined/unknown
	Isolation level: undefined/unknown
	Minimum pool size: undefined/unknown
	Maximum pool size: undefined/unknown
2025-10-10T22:12:30.293-03:00  INFO 19084 --- [PulseSystem] [restartedMain] o.h.e.t.j.p.i.JtaPlatformInitiator       : HHH000489: No JTA platform available (set 'hibernate.transaction.jta.platform' to enable JTA platform integration)
2025-10-10T22:12:30.311-03:00 DEBUG 19084 --- [PulseSystem] [restartedMain] org.hibernate.SQL                        : 
    drop table if exists beacon cascade 
2025-10-10T22:12:30.315-03:00 DEBUG 19084 --- [PulseSystem] [restartedMain] org.hibernate.SQL                        : 
    drop table if exists moto cascade 
2025-10-10T22:12:30.316-03:00 DEBUG 19084 --- [PulseSystem] [restartedMain] org.hibernate.SQL                        : 
    drop table if exists patio cascade 
2025-10-10T22:12:30.321-03:00 DEBUG 19084 --- [PulseSystem] [restartedMain] org.hibernate.SQL                        : 
    create table beacon (
        id bigint generated by default as identity,
        moto_id bigint unique,
        codigo uuid not null unique,
        status enum ('ATIVO','EM_MANUTENCAO','INATIVO'),
        primary key (id)
    )
2025-10-10T22:12:30.334-03:00 DEBUG 19084 --- [PulseSystem] [restartedMain] org.hibernate.SQL                        : 
    create table moto (
        modelo tinyint check (modelo between 0 and 2),
        id bigint generated by default as identity,
        patio_id bigint,
        numero_chassi varchar(255),
        placa varchar(255),
        condicao_mecanica enum ('BOM_ESTADO','GRAVEMENTE_DANIFICADA','INOPERANTE','NECESSITA_REVISAO','PEQUENOS_REPAROS'),
        status enum ('INVESTIGACAO_POR_ACIDENTE','INVESTIGACAO_POR_FURTO','PLACA_REGISTRADA','SEM_PLACA'),
        primary key (id)
    )
2025-10-10T22:12:30.341-03:00 DEBUG 19084 --- [PulseSystem] [restartedMain] org.hibernate.SQL                        : 
    create table patio (
        capacidade integer not null,
        comprimento float(53) not null,
        largura float(53) not null,
        total_zonas integer not null,
        id bigint generated by default as identity,
        bairro varchar(255),
        cep varchar(255),
        cidade varchar(255),
        estado varchar(255),
        numero varchar(255),
        rua varchar(255),
        primary key (id)
    )
2025-10-10T22:12:30.343-03:00 DEBUG 19084 --- [PulseSystem] [restartedMain] org.hibernate.SQL                        : 
    alter table if exists beacon 
       add constraint FKap60qi2abs49t0finkye1rueu 
       foreign key (moto_id) 
       references moto
2025-10-10T22:12:30.355-03:00 DEBUG 19084 --- [PulseSystem] [restartedMain] org.hibernate.SQL                        : 
    alter table if exists moto 
       add constraint FK2omb7paq1oc74hmypo1l0nogl 
       foreign key (patio_id) 
       references patio
2025-10-10T22:12:30.361-03:00  INFO 19084 --- [PulseSystem] [restartedMain] j.LocalContainerEntityManagerFactoryBean : Initialized JPA EntityManagerFactory for persistence unit 'default'
2025-10-10T22:12:30.723-03:00 TRACE 19084 --- [PulseSystem] [restartedMain] t.a.AnnotationTransactionAttributeSource : Adding transactional method 'br.com.pulse.services.BeaconServiceImpl.saveBeacon' with attribute: PROPAGATION_REQUIRED,ISOLATION_DEFAULT
2025-10-10T22:12:30.734-03:00 TRACE 19084 --- [PulseSystem] [restartedMain] t.a.AnnotationTransactionAttributeSource : Adding transactional method 'br.com.pulse.services.BeaconServiceImpl.updateBeacon' with attribute: PROPAGATION_REQUIRED,ISOLATION_DEFAULT
2025-10-10T22:12:30.735-03:00 TRACE 19084 --- [PulseSystem] [restartedMain] t.a.AnnotationTransactionAttributeSource : Adding transactional method 'br.com.pulse.services.BeaconServiceImpl.deleteBeaconById' with attribute: PROPAGATION_REQUIRED,ISOLATION_DEFAULT
2025-10-10T22:12:30.772-03:00 TRACE 19084 --- [PulseSystem] [restartedMain] t.a.AnnotationTransactionAttributeSource : Adding transactional method 'br.com.pulse.services.MotoServiceImpl.saveMoto' with attribute: PROPAGATION_REQUIRED,ISOLATION_DEFAULT
2025-10-10T22:12:30.774-03:00 TRACE 19084 --- [PulseSystem] [restartedMain] t.a.AnnotationTransactionAttributeSource : Adding transactional method 'br.com.pulse.services.MotoServiceImpl.updateMoto' with attribute: PROPAGATION_REQUIRED,ISOLATION_DEFAULT
2025-10-10T22:12:30.774-03:00 TRACE 19084 --- [PulseSystem] [restartedMain] t.a.AnnotationTransactionAttributeSource : Adding transactional method 'br.com.pulse.services.MotoServiceImpl.deleteMotoById' with attribute: PROPAGATION_REQUIRED,ISOLATION_DEFAULT
2025-10-10T22:12:30.789-03:00 TRACE 19084 --- [PulseSystem] [restartedMain] t.a.AnnotationTransactionAttributeSource : Adding transactional method 'br.com.pulse.services.PatioServiceImpl.updatePatio' with attribute: PROPAGATION_REQUIRED,ISOLATION_DEFAULT
2025-10-10T22:12:30.964-03:00  WARN 19084 --- [PulseSystem] [restartedMain] JpaBaseConfiguration$JpaWebConfiguration : spring.jpa.open-in-view is enabled by default. Therefore, database queries may be performed during view rendering. Explicitly configure spring.jpa.open-in-view to disable this warning
2025-10-10T22:12:31.377-03:00  INFO 19084 --- [PulseSystem] [restartedMain] o.s.b.a.h2.H2ConsoleAutoConfiguration    : H2 console available at '/console'. Database available at 'jdbc:h2:mem:pulsesystemdb'
2025-10-10T22:12:31.436-03:00  INFO 19084 --- [PulseSystem] [restartedMain] o.s.b.d.a.OptionalLiveReloadServer       : LiveReload server is running on port 35729
2025-10-10T22:12:31.477-03:00  INFO 19084 --- [PulseSystem] [restartedMain] o.a.c.c.C.[Tomcat].[localhost].[/]       : Initializing Spring DispatcherServlet 'dispatcherServlet'
2025-10-10T22:12:31.478-03:00  INFO 19084 --- [PulseSystem] [restartedMain] o.s.web.servlet.DispatcherServlet        : Initializing Servlet 'dispatcherServlet'
2025-10-10T22:12:31.479-03:00  INFO 19084 --- [PulseSystem] [restartedMain] o.s.web.servlet.DispatcherServlet        : Completed initialization in 1 ms
2025-10-10T22:12:31.480-03:00  INFO 19084 --- [PulseSystem] [restartedMain] o.s.b.w.embedded.tomcat.TomcatWebServer  : Tomcat started on port 8080 (http) with context path '/'
2025-10-10T22:12:31.492-03:00  INFO 19084 --- [PulseSystem] [restartedMain] br.com.pulse.AppPulseApplication         : Started AppPulseApplication in 6.194 seconds (process running for 7.248)
2025-10-10T22:12:31.504-03:00 TRACE 19084 --- [PulseSystem] [restartedMain] o.s.t.i.TransactionInterceptor           : Getting transaction for [org.springframework.data.jpa.repository.support.SimpleJpaRepository.save]
2025-10-10T22:12:31.533-03:00 DEBUG 19084 --- [PulseSystem] [restartedMain] org.hibernate.SQL                        : 
    insert 
    into
        patio
        (capacidade, comprimento, bairro, cep, cidade, estado, numero, rua, largura, total_zonas, id) 
    values
        (?, ?, ?, ?, ?, ?, ?, ?, ?, ?, default)
2025-10-10T22:12:31.590-03:00 TRACE 19084 --- [PulseSystem] [restartedMain] o.s.t.i.TransactionInterceptor           : Completing transaction for [org.springframework.data.jpa.repository.support.SimpleJpaRepository.save]
2025-10-10T22:12:31.614-03:00 TRACE 19084 --- [PulseSystem] [restartedMain] o.s.t.i.TransactionInterceptor           : Getting transaction for [org.springframework.data.jpa.repository.support.SimpleJpaRepository.save]
2025-10-10T22:12:31.615-03:00 DEBUG 19084 --- [PulseSystem] [restartedMain] org.hibernate.SQL                        : 
    insert 
    into
        moto
        (condicao_mecanica, modelo, numero_chassi, patio_id, placa, status, id) 
    values
        (?, ?, ?, ?, ?, ?, default)
2025-10-10T22:12:31.618-03:00 TRACE 19084 --- [PulseSystem] [restartedMain] o.s.t.i.TransactionInterceptor           : Completing transaction for [org.springframework.data.jpa.repository.support.SimpleJpaRepository.save]
2025-10-10T22:12:31.620-03:00 TRACE 19084 --- [PulseSystem] [restartedMain] o.s.t.i.TransactionInterceptor           : Getting transaction for [org.springframework.data.jpa.repository.support.SimpleJpaRepository.save]
2025-10-10T22:12:31.622-03:00 DEBUG 19084 --- [PulseSystem] [restartedMain] org.hibernate.SQL                        : 
    insert 
    into
        beacon
        (codigo, moto_id, status, id) 
    values
        (?, ?, ?, default)
2025-10-10T22:12:31.634-03:00 TRACE 19084 --- [PulseSystem] [restartedMain] o.s.t.i.TransactionInterceptor           : Completing transaction for [org.springframework.data.jpa.repository.support.SimpleJpaRepository.save]
2025-10-10T22:12:31.636-03:00 TRACE 19084 --- [PulseSystem] [restartedMain] o.s.t.i.TransactionInterceptor           : Getting transaction for [org.springframework.data.jpa.repository.support.SimpleJpaRepository.save]
2025-10-10T22:12:31.637-03:00 DEBUG 19084 --- [PulseSystem] [restartedMain] org.hibernate.SQL                        : 
    insert 
    into
        patio
        (capacidade, comprimento, bairro, cep, cidade, estado, numero, rua, largura, total_zonas, id) 
    values
        (?, ?, ?, ?, ?, ?, ?, ?, ?, ?, default)
2025-10-10T22:12:31.638-03:00 TRACE 19084 --- [PulseSystem] [restartedMain] o.s.t.i.TransactionInterceptor           : Completing transaction for [org.springframework.data.jpa.repository.support.SimpleJpaRepository.save]
2025-10-10T22:12:31.640-03:00 TRACE 19084 --- [PulseSystem] [restartedMain] o.s.t.i.TransactionInterceptor           : Getting transaction for [org.springframework.data.jpa.repository.support.SimpleJpaRepository.save]
2025-10-10T22:12:31.642-03:00 DEBUG 19084 --- [PulseSystem] [restartedMain] org.hibernate.SQL                        : 
    insert 
    into
        moto
        (condicao_mecanica, modelo, numero_chassi, patio_id, placa, status, id) 
    values
        (?, ?, ?, ?, ?, ?, default)
2025-10-10T22:12:31.643-03:00 TRACE 19084 --- [PulseSystem] [restartedMain] o.s.t.i.TransactionInterceptor           : Completing transaction for [org.springframework.data.jpa.repository.support.SimpleJpaRepository.save]
2025-10-10T22:12:31.645-03:00 TRACE 19084 --- [PulseSystem] [restartedMain] o.s.t.i.TransactionInterceptor           : Getting transaction for [org.springframework.data.jpa.repository.support.SimpleJpaRepository.save]
2025-10-10T22:12:31.647-03:00 DEBUG 19084 --- [PulseSystem] [restartedMain] org.hibernate.SQL                        : 
    insert 
    into
        beacon
        (codigo, moto_id, status, id) 
    values
        (?, ?, ?, default)
2025-10-10T22:12:31.649-03:00 TRACE 19084 --- [PulseSystem] [restartedMain] o.s.t.i.TransactionInterceptor           : Completing transaction for [org.springframework.data.jpa.repository.support.SimpleJpaRepository.save]
2025-10-10T22:12:31.651-03:00 TRACE 19084 --- [PulseSystem] [restartedMain] o.s.t.i.TransactionInterceptor           : Getting transaction for [org.springframework.data.jpa.repository.support.SimpleJpaRepository.save]
2025-10-10T22:12:31.652-03:00 DEBUG 19084 --- [PulseSystem] [restartedMain] org.hibernate.SQL                        : 
    insert 
    into
        patio
        (capacidade, comprimento, bairro, cep, cidade, estado, numero, rua, largura, total_zonas, id) 
    values
        (?, ?, ?, ?, ?, ?, ?, ?, ?, ?, default)
2025-10-10T22:12:31.655-03:00 TRACE 19084 --- [PulseSystem] [restartedMain] o.s.t.i.TransactionInterceptor           : Completing transaction for [org.springframework.data.jpa.repository.support.SimpleJpaRepository.save]
2025-10-10T22:12:31.657-03:00 TRACE 19084 --- [PulseSystem] [restartedMain] o.s.t.i.TransactionInterceptor           : Getting transaction for [org.springframework.data.jpa.repository.support.SimpleJpaRepository.save]
2025-10-10T22:12:31.659-03:00 DEBUG 19084 --- [PulseSystem] [restartedMain] org.hibernate.SQL                        : 
    insert 
    into
        moto
        (condicao_mecanica, modelo, numero_chassi, patio_id, placa, status, id) 
    values
        (?, ?, ?, ?, ?, ?, default)
2025-10-10T22:12:31.661-03:00 TRACE 19084 --- [PulseSystem] [restartedMain] o.s.t.i.TransactionInterceptor           : Completing transaction for [org.springframework.data.jpa.repository.support.SimpleJpaRepository.save]
2025-10-10T22:12:31.662-03:00 TRACE 19084 --- [PulseSystem] [restartedMain] o.s.t.i.TransactionInterceptor           : Getting transaction for [org.springframework.data.jpa.repository.support.SimpleJpaRepository.save]
2025-10-10T22:12:31.664-03:00 DEBUG 19084 --- [PulseSystem] [restartedMain] org.hibernate.SQL                        : 
    insert 
    into
        beacon
        (codigo, moto_id, status, id) 
    values
        (?, ?, ?, default)
2025-10-10T22:12:31.665-03:00 TRACE 19084 --- [PulseSystem] [restartedMain] o.s.t.i.TransactionInterceptor           : Completing transaction for [org.springframework.data.jpa.repository.support.SimpleJpaRepository.save]
2025-10-10T22:12:31.667-03:00 TRACE 19084 --- [PulseSystem] [restartedMain] o.s.t.i.TransactionInterceptor           : Getting transaction for [org.springframework.data.jpa.repository.support.SimpleJpaRepository.save]
2025-10-10T22:12:31.669-03:00 DEBUG 19084 --- [PulseSystem] [restartedMain] org.hibernate.SQL                        : 
    insert 
    into
        patio
        (capacidade, comprimento, bairro, cep, cidade, estado, numero, rua, largura, total_zonas, id) 
    values
        (?, ?, ?, ?, ?, ?, ?, ?, ?, ?, default)
2025-10-10T22:12:31.671-03:00 TRACE 19084 --- [PulseSystem] [restartedMain] o.s.t.i.TransactionInterceptor           : Completing transaction for [org.springframework.data.jpa.repository.support.SimpleJpaRepository.save]
2025-10-10T22:12:31.673-03:00 TRACE 19084 --- [PulseSystem] [restartedMain] o.s.t.i.TransactionInterceptor           : Getting transaction for [org.springframework.data.jpa.repository.support.SimpleJpaRepository.save]
2025-10-10T22:12:31.674-03:00 DEBUG 19084 --- [PulseSystem] [restartedMain] org.hibernate.SQL                        : 
    insert 
    into
        moto
        (condicao_mecanica, modelo, numero_chassi, patio_id, placa, status, id) 
    values
        (?, ?, ?, ?, ?, ?, default)
2025-10-10T22:12:31.675-03:00 TRACE 19084 --- [PulseSystem] [restartedMain] o.s.t.i.TransactionInterceptor           : Completing transaction for [org.springframework.data.jpa.repository.support.SimpleJpaRepository.save]
2025-10-10T22:12:31.677-03:00 TRACE 19084 --- [PulseSystem] [restartedMain] o.s.t.i.TransactionInterceptor           : Getting transaction for [org.springframework.data.jpa.repository.support.SimpleJpaRepository.save]
2025-10-10T22:12:31.678-03:00 DEBUG 19084 --- [PulseSystem] [restartedMain] org.hibernate.SQL                        : 
    insert 
    into
        beacon
        (codigo, moto_id, status, id) 
    values
        (?, ?, ?, default)
2025-10-10T22:12:31.679-03:00 TRACE 19084 --- [PulseSystem] [restartedMain] o.s.t.i.TransactionInterceptor           : Completing transaction for [org.springframework.data.jpa.repository.support.SimpleJpaRepository.save]
2025-10-10T22:12:31.680-03:00 TRACE 19084 --- [PulseSystem] [restartedMain] o.s.t.i.TransactionInterceptor           : Getting transaction for [org.springframework.data.jpa.repository.support.SimpleJpaRepository.save]
2025-10-10T22:12:31.681-03:00 DEBUG 19084 --- [PulseSystem] [restartedMain] org.hibernate.SQL                        : 
    insert 
    into
        patio
        (capacidade, comprimento, bairro, cep, cidade, estado, numero, rua, largura, total_zonas, id) 
    values
        (?, ?, ?, ?, ?, ?, ?, ?, ?, ?, default)
2025-10-10T22:12:31.682-03:00 TRACE 19084 --- [PulseSystem] [restartedMain] o.s.t.i.TransactionInterceptor           : Completing transaction for [org.springframework.data.jpa.repository.support.SimpleJpaRepository.save]
2025-10-10T22:12:31.684-03:00 TRACE 19084 --- [PulseSystem] [restartedMain] o.s.t.i.TransactionInterceptor           : Getting transaction for [org.springframework.data.jpa.repository.support.SimpleJpaRepository.save]
2025-10-10T22:12:31.685-03:00 DEBUG 19084 --- [PulseSystem] [restartedMain] org.hibernate.SQL                        : 
    insert 
    into
        moto
        (condicao_mecanica, modelo, numero_chassi, patio_id, placa, status, id) 
    values
        (?, ?, ?, ?, ?, ?, default)
2025-10-10T22:12:31.688-03:00 TRACE 19084 --- [PulseSystem] [restartedMain] o.s.t.i.TransactionInterceptor           : Completing transaction for [org.springframework.data.jpa.repository.support.SimpleJpaRepository.save]
2025-10-10T22:12:31.690-03:00 TRACE 19084 --- [PulseSystem] [restartedMain] o.s.t.i.TransactionInterceptor           : Getting transaction for [org.springframework.data.jpa.repository.support.SimpleJpaRepository.save]
2025-10-10T22:12:31.691-03:00 DEBUG 19084 --- [PulseSystem] [restartedMain] org.hibernate.SQL                        : 
    insert 
    into
        beacon
        (codigo, moto_id, status, id) 
    values
        (?, ?, ?, default)
2025-10-10T22:12:31.695-03:00 TRACE 19084 --- [PulseSystem] [restartedMain] o.s.t.i.TransactionInterceptor           : Completing transaction for [org.springframework.data.jpa.repository.support.SimpleJpaRepository.save]
2025-10-10T22:12:45.988-03:00  INFO 19084 --- [PulseSystem] [http-nio-8080-exec-9] o.springdoc.api.AbstractOpenApiResource  : Init duration for springdoc-openapi is: 1841 ms
2025-10-10T22:12:56.102-03:00 TRACE 19084 --- [PulseSystem] [http-nio-8080-exec-10] o.s.t.i.TransactionInterceptor           : Getting transaction for [org.springframework.data.jpa.repository.support.SimpleJpaRepository.findAll]
2025-10-10T22:12:56.391-03:00 DEBUG 19084 --- [PulseSystem] [http-nio-8080-exec-10] org.hibernate.SQL                        : 
    select
        b1_0.id,
        b1_0.codigo,
        b1_0.moto_id,
        b1_0.status 
    from
        beacon b1_0
2025-10-10T22:12:56.449-03:00 DEBUG 19084 --- [PulseSystem] [http-nio-8080-exec-10] org.hibernate.SQL                        : 
    select
        m1_0.id,
        b1_0.id,
        b1_0.codigo,
        b1_0.status,
        m1_0.condicao_mecanica,
        m1_0.modelo,
        m1_0.numero_chassi,
        p1_0.id,
        p1_0.capacidade,
        p1_0.comprimento,
        p1_0.bairro,
        p1_0.cep,
        p1_0.cidade,
        p1_0.estado,
        p1_0.numero,
        p1_0.rua,
        p1_0.largura,
        p1_0.total_zonas,
        m1_0.placa,
        m1_0.status 
    from
        moto m1_0 
    left join
        beacon b1_0 
            on m1_0.id=b1_0.moto_id 
    left join
        patio p1_0 
            on p1_0.id=m1_0.patio_id 
    where
        m1_0.id=?
2025-10-10T22:12:56.491-03:00 DEBUG 19084 --- [PulseSystem] [http-nio-8080-exec-10] org.hibernate.SQL                        : 
    select
        m1_0.id,
        b1_0.id,
        b1_0.codigo,
        b1_0.status,
        m1_0.condicao_mecanica,
        m1_0.modelo,
        m1_0.numero_chassi,
        p1_0.id,
        p1_0.capacidade,
        p1_0.comprimento,
        p1_0.bairro,
        p1_0.cep,
        p1_0.cidade,
        p1_0.estado,
        p1_0.numero,
        p1_0.rua,
        p1_0.largura,
        p1_0.total_zonas,
        m1_0.placa,
        m1_0.status 
    from
        moto m1_0 
    left join
        beacon b1_0 
            on m1_0.id=b1_0.moto_id 
    left join
        patio p1_0 
            on p1_0.id=m1_0.patio_id 
    where
        m1_0.id=?
2025-10-10T22:12:56.494-03:00 DEBUG 19084 --- [PulseSystem] [http-nio-8080-exec-10] org.hibernate.SQL                        : 
    select
        m1_0.id,
        b1_0.id,
        b1_0.codigo,
        b1_0.status,
        m1_0.condicao_mecanica,
        m1_0.modelo,
        m1_0.numero_chassi,
        p1_0.id,
        p1_0.capacidade,
        p1_0.comprimento,
        p1_0.bairro,
        p1_0.cep,
        p1_0.cidade,
        p1_0.estado,
        p1_0.numero,
        p1_0.rua,
        p1_0.largura,
        p1_0.total_zonas,
        m1_0.placa,
        m1_0.status 
    from
        moto m1_0 
    left join
        beacon b1_0 
            on m1_0.id=b1_0.moto_id 
    left join
        patio p1_0 
            on p1_0.id=m1_0.patio_id 
    where
        m1_0.id=?
2025-10-10T22:12:56.499-03:00 DEBUG 19084 --- [PulseSystem] [http-nio-8080-exec-10] org.hibernate.SQL                        : 
    select
        m1_0.id,
        b1_0.id,
        b1_0.codigo,
        b1_0.status,
        m1_0.condicao_mecanica,
        m1_0.modelo,
        m1_0.numero_chassi,
        p1_0.id,
        p1_0.capacidade,
        p1_0.comprimento,
        p1_0.bairro,
        p1_0.cep,
        p1_0.cidade,
        p1_0.estado,
        p1_0.numero,
        p1_0.rua,
        p1_0.largura,
        p1_0.total_zonas,
        m1_0.placa,
        m1_0.status 
    from
        moto m1_0 
    left join
        beacon b1_0 
            on m1_0.id=b1_0.moto_id 
    left join
        patio p1_0 
            on p1_0.id=m1_0.patio_id 
    where
        m1_0.id=?
2025-10-10T22:12:56.507-03:00 DEBUG 19084 --- [PulseSystem] [http-nio-8080-exec-10] org.hibernate.SQL                        : 
    select
        m1_0.id,
        b1_0.id,
        b1_0.codigo,
        b1_0.status,
        m1_0.condicao_mecanica,
        m1_0.modelo,
        m1_0.numero_chassi,
        p1_0.id,
        p1_0.capacidade,
        p1_0.comprimento,
        p1_0.bairro,
        p1_0.cep,
        p1_0.cidade,
        p1_0.estado,
        p1_0.numero,
        p1_0.rua,
        p1_0.largura,
        p1_0.total_zonas,
        m1_0.placa,
        m1_0.status 
    from
        moto m1_0 
    left join
        beacon b1_0 
            on m1_0.id=b1_0.moto_id 
    left join
        patio p1_0 
            on p1_0.id=m1_0.patio_id 
    where
        m1_0.id=?
2025-10-10T22:12:56.511-03:00 TRACE 19084 --- [PulseSystem] [http-nio-8080-exec-10] o.s.t.i.TransactionInterceptor           : Completing transaction for [org.springframework.data.jpa.repository.support.SimpleJpaRepository.findAll]
2025-10-10T22:13:22.837-03:00  INFO 19084 --- [PulseSystem] [SpringApplicationShutdownHook] o.s.b.w.e.tomcat.GracefulShutdown        : Commencing graceful shutdown. Waiting for active requests to complete
2025-10-10T22:13:22.885-03:00  INFO 19084 --- [PulseSystem] [tomcat-shutdown] o.s.b.w.e.tomcat.GracefulShutdown        : Graceful shutdown complete
2025-10-10T22:13:22.895-03:00  INFO 19084 --- [PulseSystem] [SpringApplicationShutdownHook] j.LocalContainerEntityManagerFactoryBean : Closing JPA EntityManagerFactory for persistence unit 'default'
2025-10-10T22:13:22.896-03:00 DEBUG 19084 --- [PulseSystem] [SpringApplicationShutdownHook] org.hibernate.SQL                        : 
    drop table if exists beacon cascade 
2025-10-10T22:13:22.898-03:00 DEBUG 19084 --- [PulseSystem] [SpringApplicationShutdownHook] org.hibernate.SQL                        : 
    drop table if exists moto cascade 
2025-10-10T22:13:22.899-03:00 DEBUG 19084 --- [PulseSystem] [SpringApplicationShutdownHook] org.hibernate.SQL                        : 
    drop table if exists patio cascade 
2025-10-10T22:13:22.906-03:00  WARN 19084 --- [PulseSystem] [SpringApplicationShutdownHook] o.s.b.f.support.DisposableBeanAdapter    : Invocation of destroy method failed on bean with name 'inMemoryDatabaseShutdownExecutor': org.h2.jdbc.JdbcSQLNonTransientConnectionException: Database is already closed (to disable automatic closing at VM shutdown, add ";DB_CLOSE_ON_EXIT=FALSE" to the db URL) [90121-232]
2025-10-10T22:13:22.906-03:00  INFO 19084 --- [PulseSystem] [SpringApplicationShutdownHook] com.zaxxer.hikari.HikariDataSource       : SpringBootHikariCP - Shutdown initiated...
2025-10-10T22:13:22.909-03:00  INFO 19084 --- [PulseSystem] [SpringApplicationShutdownHook] com.zaxxer.hikari.HikariDataSource       : SpringBootHikariCP - Shutdown completed.
